# JRE version: OpenJDK Runtime Environment (8.0_212-b04) (build 1.8.0_212-release-1586-b04)
# Java VM: OpenJDK 64-Bit Server VM (25.212-b04 mixed mode windows-amd64 compressed oops)
Heap:
 PSYoungGen      total 82432K, used 66874K [0x00000000e0000000, 0x00000000e5d80000, 0x0000000100000000)
  eden space 72192K, 92% used [0x00000000e0000000,0x00000000e414ea98,0x00000000e4680000)
  from space 10240K, 0% used [0x00000000e5380000,0x00000000e5380000,0x00000000e5d80000)
  to   space 11776K, 0% used [0x00000000e4680000,0x00000000e4680000,0x00000000e5200000)
 ParOldGen       total 99328K, used 16618K [0x00000000a0000000, 0x00000000a6100000, 0x00000000e0000000)
  object space 99328K, 16% used [0x00000000a0000000,0x00000000a103a930,0x00000000a6100000)
 Metaspace       used 43086K, capacity 44246K, committed 44328K, reserved 1087488K
  class space    used 5817K, capacity 6131K, committed 6184K, reserved 1048576K
GC Heap History (10 events):
Event: 8.886 GC heap before
{Heap before GC invocations=8 (full 1):
 PSYoungGen      total 41472K, used 32768K [0x00000000e0000000, 0x00000000e5400000, 0x0000000100000000)
  eden space 32768K, 100% used [0x00000000e0000000,0x00000000e2000000,0x00000000e2000000)
  from space 8704K, 0% used [0x00000000e4b80000,0x00000000e4b80000,0x00000000e5400000)
  to   space 11264K, 0% used [0x00000000e3e00000,0x00000000e3e00000,0x00000000e4900000)
 ParOldGen       total 65024K, used 9572K [0x00000000a0000000, 0x00000000a3f80000, 0x00000000e0000000)
  object space 65024K, 14% used [0x00000000a0000000,0x00000000a0959178,0x00000000a3f80000)
 Metaspace       used 26298K, capacity 26934K, committed 27136K, reserved 1073152K
  class space    used 3535K, capacity 3746K, committed 3840K, reserved 1048576K
Event: 8.893 GC heap after
Heap after GC invocations=8 (full 1):
 PSYoungGen      total 53248K, used 5097K [0x00000000e0000000, 0x00000000e4c00000, 0x0000000100000000)
  eden space 48128K, 0% used [0x00000000e0000000,0x00000000e0000000,0x00000000e2f00000)
  from space 5120K, 99% used [0x00000000e3e00000,0x00000000e42fa798,0x00000000e4300000)
  to   space 9216K, 0% used [0x00000000e4300000,0x00000000e4300000,0x00000000e4c00000)
 ParOldGen       total 65024K, used 9580K [0x00000000a0000000, 0x00000000a3f80000, 0x00000000e0000000)
  object space 65024K, 14% used [0x00000000a0000000,0x00000000a095b178,0x00000000a3f80000)
 Metaspace       used 26298K, capacity 26934K, committed 27136K, reserved 1073152K
  class space    used 3535K, capacity 3746K, committed 3840K, reserved 1048576K
}
Event: 9.895 GC heap before
{Heap before GC invocations=9 (full 1):
 PSYoungGen      total 53248K, used 53225K [0x00000000e0000000, 0x00000000e4c00000, 0x0000000100000000)
  eden space 48128K, 100% used [0x00000000e0000000,0x00000000e2f00000,0x00000000e2f00000)
  from space 5120K, 99% used [0x00000000e3e00000,0x00000000e42fa798,0x00000000e4300000)
  to   space 9216K, 0% used [0x00000000e4300000,0x00000000e4300000,0x00000000e4c00000)
 ParOldGen       total 65024K, used 9580K [0x00000000a0000000, 0x00000000a3f80000, 0x00000000e0000000)
  object space 65024K, 14% used [0x00000000a0000000,0x00000000a095b178,0x00000000a3f80000)
 Metaspace       used 29854K, capacity 30426K, committed 30592K, reserved 1075200K
  class space    used 4014K, capacity 4205K, committed 4224K, reserved 1048576K
Event: 9.905 GC heap after
Heap after GC invocations=9 (full 1):
 PSYoungGen      total 67072K, used 7331K [0x00000000e0000000, 0x00000000e5a80000, 0x0000000100000000)
  eden space 57856K, 0% used [0x00000000e0000000,0x00000000e0000000,0x00000000e3880000)
  from space 9216K, 79% used [0x00000000e4300000,0x00000000e4a28f00,0x00000000e4c00000)
  to   space 10752K, 0% used [0x00000000e3880000,0x00000000e3880000,0x00000000e4300000)
 ParOldGen       total 65024K, used 9588K [0x00000000a0000000, 0x00000000a3f80000, 0x00000000e0000000)
  object space 65024K, 14% used [0x00000000a0000000,0x00000000a095d178,0x00000000a3f80000)
 Metaspace       used 29854K, capacity 30426K, committed 30592K, reserved 1075200K
  class space    used 4014K, capacity 4205K, committed 4224K, reserved 1048576K
}
Event: 11.267 GC heap before
{Heap before GC invocations=10 (full 1):
 PSYoungGen      total 67072K, used 65187K [0x00000000e0000000, 0x00000000e5a80000, 0x0000000100000000)
  eden space 57856K, 100% used [0x00000000e0000000,0x00000000e3880000,0x00000000e3880000)
  from space 9216K, 79% used [0x00000000e4300000,0x00000000e4a28f00,0x00000000e4c00000)
  to   space 10752K, 0% used [0x00000000e3880000,0x00000000e3880000,0x00000000e4300000)
 ParOldGen       total 65024K, used 9588K [0x00000000a0000000, 0x00000000a3f80000, 0x00000000e0000000)
  object space 65024K, 14% used [0x00000000a0000000,0x00000000a095d178,0x00000000a3f80000)
 Metaspace       used 32623K, capacity 33248K, committed 33408K, reserved 1077248K
  class space    used 4466K, capacity 4655K, committed 4736K, reserved 1048576K
Event: 11.277 GC heap after
Heap after GC invocations=10 (full 1):
 PSYoungGen      total 68608K, used 8591K [0x00000000e0000000, 0x00000000e5e80000, 0x0000000100000000)
  eden space 57856K, 0% used [0x00000000e0000000,0x00000000e0000000,0x00000000e3880000)
  from space 10752K, 79% used [0x00000000e3880000,0x00000000e40e3f28,0x00000000e4300000)
  to   space 11264K, 0% used [0x00000000e5380000,0x00000000e5380000,0x00000000e5e80000)
 ParOldGen       total 65024K, used 9596K [0x00000000a0000000, 0x00000000a3f80000, 0x00000000e0000000)
  object space 65024K, 14% used [0x00000000a0000000,0x00000000a095f178,0x00000000a3f80000)
 Metaspace       used 32623K, capacity 33248K, committed 33408K, reserved 1077248K
  class space    used 4466K, capacity 4655K, committed 4736K, reserved 1048576K
}
Event: 19.336 GC heap before
{Heap before GC invocations=11 (full 1):
 PSYoungGen      total 68608K, used 52319K [0x00000000e0000000, 0x00000000e5e80000, 0x0000000100000000)
  eden space 57856K, 75% used [0x00000000e0000000,0x00000000e2ab4088,0x00000000e3880000)
  from space 10752K, 79% used [0x00000000e3880000,0x00000000e40e3f28,0x00000000e4300000)
  to   space 11264K, 0% used [0x00000000e5380000,0x00000000e5380000,0x00000000e5e80000)
 ParOldGen       total 65024K, used 9596K [0x00000000a0000000, 0x00000000a3f80000, 0x00000000e0000000)
  object space 65024K, 14% used [0x00000000a0000000,0x00000000a095f178,0x00000000a3f80000)
 Metaspace       used 34597K, capacity 35460K, committed 35496K, reserved 1079296K
  class space    used 4742K, capacity 5003K, committed 5032K, reserved 1048576K
Event: 19.356 GC heap after
Heap after GC invocations=11 (full 1):
 PSYoungGen      total 82432K, used 9459K [0x00000000e0000000, 0x00000000e5d80000, 0x0000000100000000)
  eden space 72192K, 0% used [0x00000000e0000000,0x00000000e0000000,0x00000000e4680000)
  from space 10240K, 92% used [0x00000000e5380000,0x00000000e5cbce08,0x00000000e5d80000)
  to   space 11776K, 0% used [0x00000000e4680000,0x00000000e4680000,0x00000000e5200000)
 ParOldGen       total 65024K, used 9604K [0x00000000a0000000, 0x00000000a3f80000, 0x00000000e0000000)
  object space 65024K, 14% used [0x00000000a0000000,0x00000000a0961178,0x00000000a3f80000)
 Metaspace       used 34597K, capacity 35460K, committed 35496K, reserved 1079296K
  class space    used 4742K, capacity 5003K, committed 5032K, reserved 1048576K
}
Event: 19.356 GC heap before
{Heap before GC invocations=12 (full 2):
 PSYoungGen      total 82432K, used 9459K [0x00000000e0000000, 0x00000000e5d80000, 0x0000000100000000)
  eden space 72192K, 0% used [0x00000000e0000000,0x00000000e0000000,0x00000000e4680000)
  from space 10240K, 92% used [0x00000000e5380000,0x00000000e5cbce08,0x00000000e5d80000)
  to   space 11776K, 0% used [0x00000000e4680000,0x00000000e4680000,0x00000000e5200000)
 ParOldGen       total 65024K, used 9604K [0x00000000a0000000, 0x00000000a3f80000, 0x00000000e0000000)
  object space 65024K, 14% used [0x00000000a0000000,0x00000000a0961178,0x00000000a3f80000)
 Metaspace       used 34597K, capacity 35460K, committed 35496K, reserved 1079296K
  class space    used 4742K, capacity 5003K, committed 5032K, reserved 1048576K
Event: 19.434 GC heap after
Heap after GC invocations=12 (full 2):
 PSYoungGen      total 82432K, used 0K [0x00000000e0000000, 0x00000000e5d80000, 0x0000000100000000)
  eden space 72192K, 0% used [0x00000000e0000000,0x00000000e0000000,0x00000000e4680000)
  from space 10240K, 0% used [0x00000000e5380000,0x00000000e5380000,0x00000000e5d80000)
  to   space 11776K, 0% used [0x00000000e4680000,0x00000000e4680000,0x00000000e5200000)
 ParOldGen       total 99328K, used 16618K [0x00000000a0000000, 0x00000000a6100000, 0x00000000e0000000)
  object space 99328K, 16% used [0x00000000a0000000,0x00000000a103a930,0x00000000a6100000)
 Metaspace       used 34572K, capacity 35376K, committed 35496K, reserved 1079296K
  class space    used 4735K, capacity 4989K, committed 5032K, reserved 1048576K
}

